\BOOKMARK [1][-]{section.1}{\376\377\000I\000s\000V\000a\000l\000i\000d\000I\000d\000\040\000M\000e\000t\000h\000o\000d}{}% 1
\BOOKMARK [2][-]{subsection.1.1}{\376\377\000A\000l\000g\000o\000r\000i\000t\000h\000m\000\040\000D\000e\000s\000i\000g\000n}{section.1}% 2
\BOOKMARK [2][-]{subsection.1.2}{\376\377\000T\000e\000s\000t\000i\000n\000g}{section.1}% 3
\BOOKMARK [1][-]{section.2}{\376\377\000I\000s\000V\000a\000l\000i\000d\000E\000x\000e\000c\000u\000t\000i\000o\000n\000T\000i\000m\000e\000\040\000M\000e\000t\000h\000o\000d}{}% 4
\BOOKMARK [2][-]{subsection.2.1}{\376\377\000A\000l\000g\000o\000r\000i\000t\000h\000m\000\040\000D\000e\000s\000i\000g\000n}{section.2}% 5
\BOOKMARK [2][-]{subsection.2.2}{\376\377\000T\000e\000s\000t\000i\000n\000g}{section.2}% 6
\BOOKMARK [1][-]{section.3}{\376\377\000I\000s\000V\000a\000l\000i\000d\000P\000r\000i\000o\000r\000i\000t\000y\000\040\000M\000e\000t\000h\000o\000d}{}% 7
\BOOKMARK [2][-]{subsection.3.1}{\376\377\000A\000l\000g\000o\000r\000i\000t\000h\000m\000\040\000D\000e\000s\000i\000g\000n}{section.3}% 8
\BOOKMARK [2][-]{subsection.3.2}{\376\377\000T\000e\000s\000t\000i\000n\000g}{section.3}% 9
\BOOKMARK [1][-]{section.4}{\376\377\000I\000s\000T\000i\000m\000e\000R\000e\000c\000e\000i\000v\000e\000d\000\040\000M\000e\000t\000h\000o\000d}{}% 10
\BOOKMARK [2][-]{subsection.4.1}{\376\377\000A\000l\000g\000o\000r\000i\000t\000h\000m\000\040\000D\000e\000s\000i\000g\000n}{section.4}% 11
\BOOKMARK [2][-]{subsection.4.2}{\376\377\000T\000e\000s\000t\000i\000n\000g}{section.4}% 12
\BOOKMARK [1][-]{section.5}{\376\377\000A\000d\000d\000\040\000M\000e\000t\000h\000o\000d}{}% 13
\BOOKMARK [2][-]{subsection.5.1}{\376\377\000A\000l\000g\000o\000r\000i\000t\000h\000m\000\040\000D\000e\000s\000i\000g\000n}{section.5}% 14
\BOOKMARK [2][-]{subsection.5.2}{\376\377\000T\000e\000s\000t\000i\000n\000g}{section.5}% 15
\BOOKMARK [1][-]{section.6}{\376\377\000C\000o\000n\000t\000a\000i\000n\000s\000\040\000M\000e\000t\000h\000o\000d}{}% 16
\BOOKMARK [2][-]{subsection.6.1}{\376\377\000A\000l\000g\000o\000r\000i\000t\000h\000m\000\040\000D\000e\000s\000i\000g\000n}{section.6}% 17
\BOOKMARK [2][-]{subsection.6.2}{\376\377\000T\000e\000s\000t\000i\000n\000g}{section.6}% 18
\BOOKMARK [1][-]{section.7}{\376\377\000F\000i\000n\000d\000\040\000M\000e\000t\000h\000o\000d}{}% 19
\BOOKMARK [2][-]{subsection.7.1}{\376\377\000A\000l\000g\000o\000r\000i\000t\000h\000m\000\040\000D\000e\000s\000i\000g\000n}{section.7}% 20
\BOOKMARK [2][-]{subsection.7.2}{\376\377\000T\000e\000s\000t\000i\000n\000g}{section.7}% 21
\BOOKMARK [1][-]{section.8}{\376\377\000R\000e\000m\000o\000v\000e\000\040\000M\000e\000t\000h\000o\000d}{}% 22
\BOOKMARK [2][-]{subsection.8.1}{\376\377\000A\000l\000g\000o\000r\000i\000t\000h\000m\000\040\000D\000e\000s\000i\000g\000n}{section.8}% 23
\BOOKMARK [2][-]{subsection.8.2}{\376\377\000T\000e\000s\000t\000i\000n\000g}{section.8}% 24
\BOOKMARK [1][-]{section.9}{\376\377\000T\000o\000A\000r\000r\000a\000y\000\040\000M\000e\000t\000h\000o\000d}{}% 25
\BOOKMARK [2][-]{subsection.9.1}{\376\377\000A\000l\000g\000o\000r\000i\000t\000h\000m\000\040\000D\000e\000s\000i\000g\000n}{section.9}% 26
\BOOKMARK [2][-]{subsection.9.2}{\376\377\000T\000e\000s\000t\000i\000n\000g}{section.9}% 27
\BOOKMARK [1][-]{section.10}{\376\377\000F\000i\000r\000s\000t\000C\000o\000m\000e\000F\000i\000r\000s\000t\000S\000e\000r\000v\000e\000d\000\040\000M\000e\000t\000h\000o\000d}{}% 28
\BOOKMARK [2][-]{subsection.10.1}{\376\377\000A\000l\000g\000o\000r\000i\000t\000h\000m\000\040\000D\000e\000s\000i\000g\000n}{section.10}% 29
\BOOKMARK [2][-]{subsection.10.2}{\376\377\000A\000n\000a\000l\000y\000s\000i\000s}{section.10}% 30
\BOOKMARK [2][-]{subsection.10.3}{\376\377\000T\000e\000s\000t\000i\000n\000g}{section.10}% 31
\BOOKMARK [1][-]{section.11}{\376\377\000P\000r\000i\000o\000r\000i\000t\000y\000\040\000M\000e\000t\000h\000o\000d}{}% 32
\BOOKMARK [2][-]{subsection.11.1}{\376\377\000A\000l\000g\000o\000r\000i\000t\000h\000m\000\040\000D\000e\000s\000i\000g\000n}{section.11}% 33
\BOOKMARK [2][-]{subsection.11.2}{\376\377\000A\000n\000a\000l\000y\000s\000i\000s}{section.11}% 34
\BOOKMARK [2][-]{subsection.11.3}{\376\377\000T\000e\000s\000t\000i\000n\000g}{section.11}% 35
\BOOKMARK [1][-]{section.12}{\376\377\000S\000h\000o\000r\000t\000e\000s\000t\000J\000o\000b\000F\000i\000r\000s\000t\000\040\000M\000e\000t\000h\000o\000d}{}% 36
\BOOKMARK [2][-]{subsection.12.1}{\376\377\000A\000l\000g\000o\000r\000i\000t\000h\000m\000\040\000D\000e\000s\000i\000g\000n}{section.12}% 37
\BOOKMARK [2][-]{subsection.12.2}{\376\377\000A\000n\000a\000l\000y\000s\000i\000s}{section.12}% 38
\BOOKMARK [2][-]{subsection.12.3}{\376\377\000T\000e\000s\000t\000i\000n\000g}{section.12}% 39
